<?xml version="1.0" encoding="UTF-8"?>
<testsuite name="tests.LoginTest" tests="1" skipped="0" failures="0" errors="0" timestamp="2021-09-17T03:09:28" hostname="ES-SL-L0030" time="5.148">
  <properties/>
  <testcase name="login" classname="tests.LoginTest" time="5.148"/>
  <system-out><![CDATA[]]></system-out>
  <system-err><![CDATA[]]></system-err>
</testsuite>
